#
# A fatal error has been detected by the Java Runtime Environment:
#
#  EXCEPTION_ACCESS_VIOLATION (0xc0000005) at pc=0x00007ffc5032c98c, pid=15512, tid=7532
#
# JRE version: OpenJDK Runtime Environment Temurin-17.0.4.1+1 (17.0.4.1+1) (build 17.0.4.1+1)
# Java VM: OpenJDK 64-Bit Server VM Temurin-17.0.4.1+1 (17.0.4.1+1, mixed mode, tiered, compressed oops, compressed class ptrs, parallel gc, windows-amd64)
# Problematic frame:
# V  [jvm.dll+0x2ac98c]
#
# No core dump will be written. Minidumps are not enabled by default on client versions of Windows
#
# If you would like to submit a bug report, please visit:
#   https://github.com/adoptium/adoptium-support/issues
#

---------------  S U M M A R Y ------------

Command Line: --add-modules=ALL-SYSTEM --add-opens=java.base/java.util=ALL-UNNAMED --add-opens=java.base/java.lang=ALL-UNNAMED --add-opens=java.base/sun.nio.fs=ALL-UNNAMED -Declipse.application=org.eclipse.jdt.ls.core.id1 -Dosgi.bundles.defaultStartLevel=4 -Declipse.product=org.eclipse.jdt.ls.core.product -Djava.import.generatesMetadataFilesAtProjectRoot=false -Dfile.encoding=utf8 -XX:+UseParallelGC -XX:GCTimeRatio=4 -XX:AdaptiveSizePolicyWeight=90 -Dsun.zip.disableMemoryMapping=true -Xmx1G -Xms100m -Xlog:disable -javaagent:c:\Users\trutr\.vscode\extensions\redhat.java-1.12.0-win32-x64\lombok\lombok-1.18.24.jar -XX:+HeapDumpOnOutOfMemoryError -XX:HeapDumpPath=c:\Users\trutr\AppData\Roaming\Code\User\workspaceStorage\726bf51068977749caa4a039f84914d7\redhat.java c:\Users\trutr\.vscode\extensions\redhat.java-1.12.0-win32-x64\server\plugins\org.eclipse.equinox.launcher_1.6.400.v20210924-0641.jar -configuration c:\Users\trutr\AppData\Roaming\Code\User\globalStorage\redhat.java\1.12.0\config_win -data c:\Users\trutr\AppData\Roaming\Code\User\workspaceStorage\726bf51068977749caa4a039f84914d7\redhat.java\jdt_ws

Host: AMD Ryzen 7 5700U with Radeon Graphics         , 16 cores, 9G,  Windows 10 , 64 bit Build 19041 (10.0.19041.1889)
Time: Sun Nov  6 11:18:32 2022 Hora estándar romance elapsed time: 88829.402704 seconds (1d 0h 40m 29s)

---------------  T H R E A D  ---------------

Current thread (0x000001d7598ed420):  JavaThread "C2 CompilerThread0" daemon [_thread_in_native, id=7532, stack(0x000000c7ac400000,0x000000c7ac500000)]


Current CompileTask:
C2:88829402 32352       4       org.eclipse.jdt.internal.compiler.parser.Parser::consumeToken (2309 bytes)

Stack: [0x000000c7ac400000,0x000000c7ac500000],  sp=0x000000c7ac4fa640,  free space=1001k
Native frames: (J=compiled Java code, j=interpreted, Vv=VM code, C=native code)
V  [jvm.dll+0x2ac98c]
V  [jvm.dll+0x57dd77]
V  [jvm.dll+0x220892]
V  [jvm.dll+0x21a182]
V  [jvm.dll+0x21799b]
V  [jvm.dll+0x1a3f8d]
V  [jvm.dll+0x227498]
V  [jvm.dll+0x2255e5]
V  [jvm.dll+0x7e7e9b]
V  [jvm.dll+0x7e240a]
V  [jvm.dll+0x6761a5]
C  [ucrtbase.dll+0x21bb2]
C  [KERNEL32.DLL+0x17034]
C  [ntdll.dll+0x526a1]


siginfo: EXCEPTION_ACCESS_VIOLATION (0xc0000005), reading address 0x000001f761d5e5e8


Register to memory mapping:

RIP=0x00007ffc5032c98c jvm.dll
RAX=0x0000000000000aa9 is an unknown value
RBX=0x000001d761d5e5e0 points into unknown readable memory: 0x000001d77472ea88 | 88 ea 72 74 d7 01 00 00
RCX=0x000001f761d5e5e0 is an unknown value
RDX=0x000001d761d5e680 points into unknown readable memory: 0x000001d77472ee00 | 00 ee 72 74 d7 01 00 00
RSP=0x000000c7ac4fa640 is pointing into the stack for thread: 0x000001d7598ed420
RBP=0x000001d761d53320 points into unknown readable memory: 0x0000000000000000 | 00 00 00 00 00 00 00 00
RSI=0x000000c7ac4faa80 is pointing into the stack for thread: 0x000001d7598ed420
RDI=0x0 is NULL
R8 =0x000001d761d53320 points into unknown readable memory: 0x0000000000000000 | 00 00 00 00 00 00 00 00
R9 =0x000001d761d5eea0 points into unknown readable memory: 0x000001d76352a540 | 40 a5 52 63 d7 01 00 00
R10=0x0000000000000020 is an unknown value
R11=0x000001d761d5e630 points into unknown readable memory: 0x000001d77472ec68 | 68 ec 72 74 d7 01 00 00
R12=0x000001d761d5e630 points into unknown readable memory: 0x000001d77472ec68 | 68 ec 72 74 d7 01 00 00
R13=0x0 is NULL
R14=0x000001d760e02540 points into unknown readable memory: 0xffffffff00000001 | 01 00 00 00 ff ff ff ff
R15=0x000001d77472ec68 points into unknown readable memory: 0x00007ffc509aa3b8 | b8 a3 9a 50 fc 7f 00 00


Registers:
RAX=0x0000000000000aa9, RBX=0x000001d761d5e5e0, RCX=0x000001f761d5e5e0, RDX=0x000001d761d5e680
RSP=0x000000c7ac4fa640, RBP=0x000001d761d53320, RSI=0x000000c7ac4faa80, RDI=0x0000000000000000
R8 =0x000001d761d53320, R9 =0x000001d761d5eea0, R10=0x0000000000000020, R11=0x000001d761d5e630
R12=0x000001d761d5e630, R13=0x0000000000000000, R14=0x000001d760e02540, R15=0x000001d77472ec68
RIP=0x00007ffc5032c98c, EFLAGS=0x0000000000010246

Top of Stack: (sp=0x000000c7ac4fa640)
0x000000c7ac4fa640:   000001d761d53320 000000c7ac4fa690
0x000000c7ac4fa650:   000000c7ac4faa80 000001d760e02540
0x000000c7ac4fa660:   000001d760e02540 000001d757dac670
0x000000c7ac4fa670:   000001d760e0a520 000000000009e600
0x000000c7ac4fa680:   000001d760e11720 000001d760e12508
0x000000c7ac4fa690:   0000000000000100 000001d7631b8eb0
0x000000c7ac4fa6a0:   0000000000000100 000001d757dac670
0x000000c7ac4fa6b0:   000000ced26f6e2d 0000000000000000
0x000000c7ac4fa6c0:   0000000000000005 0000000000048200
0x000000c7ac4fa6d0:   000001d743f0f6f0 0000000000000000
0x000000c7ac4fa6e0:   000001d743f36ea0 000000c7ac4fa800
0x000000c7ac4fa6f0:   000000c7ac4faa80 00007ffc505fdd77
0x000000c7ac4fa700:   000000c7ac4faa80 000000c700000b44
0x000000c7ac4fa710:   000001d761d53320 000000000000023c
0x000000c7ac4fa720:   0000000000000000 0000000000000000
0x000000c7ac4fa730:   0000000000010020 0000000000010010 

Instructions: (pc=0x00007ffc5032c98c)
0x00007ffc5032c88c:   48 8d 4c 24 50 e8 aa ef 56 00 4d 8b ce 48 8d 54
0x00007ffc5032c89c:   24 50 4c 8b c6 48 8b cd e8 17 fc ff ff 89 84 24
0x00007ffc5032c8ac:   c8 00 00 00 4c 89 6d 08 48 89 6d 18 8d 48 ff 48
0x00007ffc5032c8bc:   63 d1 48 83 fa 01 0f 8e 87 03 00 00 4c 8d 24 92
0x00007ffc5032c8cc:   49 c1 e4 04 4c 03 e5 48 ff ca 48 89 94 24 d8 00
0x00007ffc5032c8dc:   00 00 66 90 4d 8b 3c 24 41 8b fd 41 83 7f 18 00
0x00007ffc5032c8ec:   0f 86 b5 00 00 00 8b c7 48 8d 1c c5 00 00 00 00
0x00007ffc5032c8fc:   49 8b 47 08 48 8b 0c 03 48 85 c9 0f 84 8e 00 00
0x00007ffc5032c90c:   00 48 8b 01 ff 50 10 84 c0 0f 84 80 00 00 00 49
0x00007ffc5032c91c:   8b 47 08 48 8b 0c 03 8b 41 28 41 8b 0c 86 83 f9
0x00007ffc5032c92c:   ff 74 6c 48 8d 1c 89 48 c1 e3 04 48 03 dd 48 8b
0x00007ffc5032c93c:   4b 20 48 85 c9 75 06 48 8b 4b 18 eb 43 48 83 79
0x00007ffc5032c94c:   20 00 74 2a e8 2b fb ff ff 4c 8b 43 20 48 8b 53
0x00007ffc5032c95c:   18 49 8b 48 18 8b 42 08 39 41 08 73 07 48 89 4b
0x00007ffc5032c96c:   18 48 8b d1 49 8b 48 20 48 89 4b 20 eb 04 48 8b
0x00007ffc5032c97c:   53 18 48 8b 49 18 8b 42 08 39 41 08 48 0f 43 ca
0x00007ffc5032c98c:   8b 41 08 41 3b 44 24 08 73 05 41 89 44 24 08 ff
0x00007ffc5032c99c:   c7 41 3b 7f 18 0f 82 4b ff ff ff 41 8b 44 24 08
0x00007ffc5032c9ac:   4d 8b c4 48 8d 0c 80 48 03 c9 48 8b 44 cd 38 49
0x00007ffc5032c9bc:   89 44 24 38 4c 89 64 cd 38 49 8b 44 24 28 49 8b
0x00007ffc5032c9cc:   54 24 18 4d 8b 5c 24 10 48 8b 48 18 8b 41 08 39
0x00007ffc5032c9dc:   42 08 73 52 4d 8b 48 28 45 8b 50 0c 49 8b 41 28
0x00007ffc5032c9ec:   8b 50 0c 41 8b 41 0c 41 03 d2 03 c0 3b d0 72 12
0x00007ffc5032c9fc:   4d 89 41 20 49 8b 40 28 48 8b 48 28 49 89 48 28
0x00007ffc5032ca0c:   eb 0f 45 89 51 0c 49 8b 40 28 49 89 40 20 4c 8b
0x00007ffc5032ca1c:   c0 49 8b 40 28 49 8b 54 24 18 48 8b 48 18 8b 41
0x00007ffc5032ca2c:   08 39 42 08 72 ae 49 89 50 18 41 8b 44 24 0c 41
0x00007ffc5032ca3c:   01 43 0c 41 8b 44 24 0c 03 c0 41 39 43 0c 73 0b
0x00007ffc5032ca4c:   49 8b c0 4d 8b 43 28 49 89 43 28 4c 3b c5 74 11
0x00007ffc5032ca5c:   0f 1f 40 00 4d 89 58 20 4d 8b 40 28 4c 3b c5 75
0x00007ffc5032ca6c:   f3 49 8b 44 24 10 48 8b 58 38 48 85 db 74 71 0f
0x00007ffc5032ca7c:   1f 44 00 00 48 8b 4b 20 48 85 c9 75 06 48 8b 4b 


Stack slot to memory mapping:
stack at sp + 0 slots: 0x000001d761d53320 points into unknown readable memory: 0x0000000000000000 | 00 00 00 00 00 00 00 00
stack at sp + 1 slots: 0x000000c7ac4fa690 is pointing into the stack for thread: 0x000001d7598ed420
stack at sp + 2 slots: 0x000000c7ac4faa80 is pointing into the stack for thread: 0x000001d7598ed420
stack at sp + 3 slots: 0x000001d760e02540 points into unknown readable memory: 0xffffffff00000001 | 01 00 00 00 ff ff ff ff
stack at sp + 4 slots: 0x000001d760e02540 points into unknown readable memory: 0xffffffff00000001 | 01 00 00 00 ff ff ff ff
stack at sp + 5 slots: 0x000001d757dac670 points into unknown readable memory: 0x000a000800000006 | 06 00 00 00 08 00 0a 00
stack at sp + 6 slots: 0x000001d760e0a520 points into unknown readable memory: 0x000001d761d53310 | 10 33 d5 61 d7 01 00 00
stack at sp + 7 slots: 0x000000000009e600 is an unknown value


---------------  P R O C E S S  ---------------

Threads class SMR info:
_java_thread_list=0x000001d7617fece0, length=42, elements={
0x000001d743f21190, 0x000001d757d9aca0, 0x000001d757d9bca0, 0x000001d7598bf0e0,
0x000001d757dad350, 0x000001d757dae670, 0x000001d7598e52f0, 0x000001d7598ed420,
0x000001d7598ee980, 0x000001d7598f0200, 0x000001d757c30c00, 0x000001d75b7f5010,
0x000001d75c8df340, 0x000001d75c8c04a0, 0x000001d75c9087f0, 0x000001d75c8a0e70,
0x000001d75cced3a0, 0x000001d75cceebb0, 0x000001d75ccef080, 0x000001d75ccef550,
0x000001d75ccefa20, 0x000001d7632ceba0, 0x000001d7632d2090, 0x000001d7632d33d0,
0x000001d75ccec060, 0x000001d760bbb0e0, 0x000001d761a5bd10, 0x000001d761a60540,
0x000001d761a5d050, 0x000001d761a5fba0, 0x000001d761a5aea0, 0x000001d761a5dec0,
0x000001d761a5ed30, 0x000001d761a60070, 0x000001d761a60ee0, 0x000001d761a5f200,
0x000001d761a61880, 0x000001d761a5f6d0, 0x000001d760bc02b0, 0x000001d760bbeaa0,
0x000001d760bbb5b0, 0x000001d760bc15f0
}

Java Threads: ( => current thread )
  0x000001d743f21190 JavaThread "main" [_thread_blocked, id=10816, stack(0x000000c7abb00000,0x000000c7abc00000)]
  0x000001d757d9aca0 JavaThread "Reference Handler" daemon [_thread_blocked, id=16088, stack(0x000000c7abe00000,0x000000c7abf00000)]
  0x000001d757d9bca0 JavaThread "Finalizer" daemon [_thread_blocked, id=14384, stack(0x000000c7abf00000,0x000000c7ac000000)]
  0x000001d7598bf0e0 JavaThread "Signal Dispatcher" daemon [_thread_blocked, id=7904, stack(0x000000c7ac000000,0x000000c7ac100000)]
  0x000001d757dad350 JavaThread "Attach Listener" daemon [_thread_blocked, id=7756, stack(0x000000c7ac100000,0x000000c7ac200000)]
  0x000001d757dae670 JavaThread "Service Thread" daemon [_thread_blocked, id=15228, stack(0x000000c7ac200000,0x000000c7ac300000)]
  0x000001d7598e52f0 JavaThread "Monitor Deflation Thread" daemon [_thread_blocked, id=8480, stack(0x000000c7ac300000,0x000000c7ac400000)]
=>0x000001d7598ed420 JavaThread "C2 CompilerThread0" daemon [_thread_in_native, id=7532, stack(0x000000c7ac400000,0x000000c7ac500000)]
  0x000001d7598ee980 JavaThread "C1 CompilerThread0" daemon [_thread_blocked, id=4996, stack(0x000000c7ac500000,0x000000c7ac600000)]
  0x000001d7598f0200 JavaThread "Sweeper thread" daemon [_thread_blocked, id=15756, stack(0x000000c7ac600000,0x000000c7ac700000)]
  0x000001d757c30c00 JavaThread "Common-Cleaner" daemon [_thread_blocked, id=4452, stack(0x000000c7ac700000,0x000000c7ac800000)]
  0x000001d75b7f5010 JavaThread "Notification Thread" daemon [_thread_blocked, id=12452, stack(0x000000c7acb00000,0x000000c7acc00000)]
  0x000001d75c8df340 JavaThread "Active Thread: Equinox Container: d251fd13-4372-4e78-944e-84652a125425" [_thread_blocked, id=14480, stack(0x000000c7ad400000,0x000000c7ad500000)]
  0x000001d75c8c04a0 JavaThread "Framework Event Dispatcher: Equinox Container: d251fd13-4372-4e78-944e-84652a125425" daemon [_thread_blocked, id=3472, stack(0x000000c7ad300000,0x000000c7ad400000)]
  0x000001d75c9087f0 JavaThread "Start Level: Equinox Container: d251fd13-4372-4e78-944e-84652a125425" daemon [_thread_blocked, id=13676, stack(0x000000c7ad500000,0x000000c7ad600000)]
  0x000001d75c8a0e70 JavaThread "SCR Component Actor" daemon [_thread_blocked, id=15720, stack(0x000000c7ad600000,0x000000c7ad700000)]
  0x000001d75cced3a0 JavaThread "Worker-JM" [_thread_blocked, id=14216, stack(0x000000c7ada00000,0x000000c7adb00000)]
  0x000001d75cceebb0 JavaThread "Java indexing" daemon [_thread_blocked, id=9172, stack(0x000000c7ae300000,0x000000c7ae400000)]
  0x000001d75ccef080 JavaThread "JNA Cleaner" daemon [_thread_blocked, id=8188, stack(0x000000c7ae400000,0x000000c7ae500000)]
  0x000001d75ccef550 JavaThread "pool-2-thread-1" [_thread_blocked, id=15604, stack(0x000000c7ae600000,0x000000c7ae700000)]
  0x000001d75ccefa20 JavaThread "pool-1-thread-1" [_thread_in_native, id=7996, stack(0x000000c7ae800000,0x000000c7ae900000)]
  0x000001d7632ceba0 JavaThread "Bundle File Closer" daemon [_thread_blocked, id=13100, stack(0x000000c7af300000,0x000000c7af400000)]
  0x000001d7632d2090 JavaThread "Java Debug Server" daemon [_thread_in_native, id=16148, stack(0x000000c7ab900000,0x000000c7aba00000)]
  0x000001d7632d33d0 JavaThread "RxSchedulerPurge-1" daemon [_thread_blocked, id=8988, stack(0x000000c7ac900000,0x000000c7aca00000)]
  0x000001d75ccec060 JavaThread "RxCachedWorkerPoolEvictor-1" daemon [_thread_blocked, id=3440, stack(0x000000c7adf00000,0x000000c7ae000000)]
  0x000001d760bbb0e0 JavaThread "Worker-60" [_thread_blocked, id=18740, stack(0x000000c7aef00000,0x000000c7af000000)]
  0x000001d761a5bd10 JavaThread "Worker-64: Publish Diagnostics" [_thread_blocked, id=15740, stack(0x000000c7af000000,0x000000c7af100000)]
  0x000001d761a60540 JavaThread "ForkJoinPool.commonPool-worker-102" daemon [_thread_blocked, id=19048, stack(0x000000c7ab800000,0x000000c7ab900000)]
  0x000001d761a5d050 JavaThread "ForkJoinPool.commonPool-worker-103" daemon [_thread_blocked, id=20704, stack(0x000000c7aba00000,0x000000c7abb00000)]
  0x000001d761a5fba0 JavaThread "ForkJoinPool.commonPool-worker-104" daemon [_thread_blocked, id=19140, stack(0x000000c7ac800000,0x000000c7ac900000)]
  0x000001d761a5aea0 JavaThread "ForkJoinPool.commonPool-worker-105" daemon [_thread_blocked, id=11464, stack(0x000000c7aca00000,0x000000c7acb00000)]
  0x000001d761a5dec0 JavaThread "ForkJoinPool.commonPool-worker-106" daemon [_thread_blocked, id=20892, stack(0x000000c7ad200000,0x000000c7ad300000)]
  0x000001d761a5ed30 JavaThread "ForkJoinPool.commonPool-worker-107" daemon [_thread_blocked, id=19648, stack(0x000000c7ad900000,0x000000c7ada00000)]
  0x000001d761a60070 JavaThread "ForkJoinPool.commonPool-worker-108" daemon [_thread_blocked, id=2668, stack(0x000000c7ae000000,0x000000c7ae100000)]
  0x000001d761a60ee0 JavaThread "ForkJoinPool.commonPool-worker-109" daemon [_thread_blocked, id=19716, stack(0x000000c7ae200000,0x000000c7ae300000)]
  0x000001d761a5f200 JavaThread "ForkJoinPool.commonPool-worker-110" daemon [_thread_blocked, id=20452, stack(0x000000c7ae500000,0x000000c7ae600000)]
  0x000001d761a61880 JavaThread "ForkJoinPool.commonPool-worker-111" daemon [_thread_blocked, id=11080, stack(0x000000c7ae700000,0x000000c7ae800000)]
  0x000001d761a5f6d0 JavaThread "ForkJoinPool.commonPool-worker-112" daemon [_thread_blocked, id=8392, stack(0x000000c7ae900000,0x000000c7aea00000)]
  0x000001d760bc02b0 JavaThread "ForkJoinPool.commonPool-worker-113" daemon [_thread_blocked, id=13388, stack(0x000000c7aea00000,0x000000c7aeb00000)]
  0x000001d760bbeaa0 JavaThread "ForkJoinPool.commonPool-worker-114" daemon [_thread_blocked, id=20684, stack(0x000000c7aeb00000,0x000000c7aec00000)]
  0x000001d760bbb5b0 JavaThread "ForkJoinPool.commonPool-worker-115" daemon [_thread_blocked, id=16616, stack(0x000000c7aec00000,0x000000c7aed00000)]
  0x000001d760bc15f0 JavaThread "ForkJoinPool.commonPool-worker-116" daemon [_thread_blocked, id=20376, stack(0x000000c7aed00000,0x000000c7aee00000)]

Other Threads:
  0x000001d757c4b240 VMThread "VM Thread" [stack: 0x000000c7abd00000,0x000000c7abe00000] [id=16372]
  0x000001d75b7e0460 WatcherThread [stack: 0x000000c7acc00000,0x000000c7acd00000] [id=11312]
  0x000001d743f378a0 GCTaskThread "GC Thread#0" [stack: 0x000000c7abc00000,0x000000c7abd00000] [id=15544]
  0x000001d75bce6c90 GCTaskThread "GC Thread#1" [stack: 0x000000c7acd00000,0x000000c7ace00000] [id=9180]
  0x000001d75b979470 GCTaskThread "GC Thread#2" [stack: 0x000000c7ace00000,0x000000c7acf00000] [id=4328]
  0x000001d75bcbf040 GCTaskThread "GC Thread#3" [stack: 0x000000c7acf00000,0x000000c7ad000000] [id=8004]
  0x000001d75bcbf500 GCTaskThread "GC Thread#4" [stack: 0x000000c7ad000000,0x000000c7ad100000] [id=14712]
  0x000001d75bc95110 GCTaskThread "GC Thread#5" [stack: 0x000000c7ad100000,0x000000c7ad200000] [id=14408]
  0x000001d75bc93b90 GCTaskThread "GC Thread#6" [stack: 0x000000c7ad700000,0x000000c7ad800000] [id=9676]
  0x000001d75bc94900 GCTaskThread "GC Thread#7" [stack: 0x000000c7ad800000,0x000000c7ad900000] [id=11488]
  0x000001d75bc94bb0 GCTaskThread "GC Thread#8" [stack: 0x000000c7adb00000,0x000000c7adc00000] [id=9140]
  0x000001d75bc938e0 GCTaskThread "GC Thread#9" [stack: 0x000000c7adc00000,0x000000c7add00000] [id=14940]
  0x000001d75bc93e40 GCTaskThread "GC Thread#10" [stack: 0x000000c7add00000,0x000000c7ade00000] [id=1044]
  0x000001d75cd588e0 GCTaskThread "GC Thread#11" [stack: 0x000000c7ade00000,0x000000c7adf00000] [id=12424]
  0x000001d75cd578c0 GCTaskThread "GC Thread#12" [stack: 0x000000c7ae100000,0x000000c7ae200000] [id=5644]

Threads with active compile tasks:
C2 CompilerThread0  88829431 32352       4       org.eclipse.jdt.internal.compiler.parser.Parser::consumeToken (2309 bytes)

VM state: at safepoint (normal execution)

VM Mutex/Monitor currently owned by a thread:  ([mutex/lock_event])
[0x000001d743f1e0f0] Threads_lock - owner thread: 0x000001d757c4b240
[0x000001d743f1dc70] Heap_lock - owner thread: 0x000001d761a5bd10

Heap address: 0x00000000c0000000, size: 1024 MB, Compressed Oops mode: 32-bit

CDS archive(s) not mapped
Compressed class space mapped at: 0x0000000100000000-0x0000000140000000, reserved size: 1073741824
Narrow klass base: 0x0000000000000000, Narrow klass shift: 3, Narrow klass range: 0x140000000

GC Precious Log:
 CPUs: 16 total, 16 available
 Memory: 10101M
 Large Page Support: Disabled
 NUMA Support: Disabled
 Compressed Oops: Enabled (32-bit)
 Alignments: Space 512K, Generation 512K, Heap 2M
 Heap Min Capacity: 100M
 Heap Initial Capacity: 100M
 Heap Max Capacity: 1G
 Pre-touch: Disabled
 Parallel Workers: 13

Heap:
 PSYoungGen      total 4096K, used 704K [0x00000000eab00000, 0x00000000eb000000, 0x0000000100000000)
  eden space 3072K, 0% used [0x00000000eab00000,0x00000000eab00000,0x00000000eae00000)
  from space 1024K, 68% used [0x00000000eae80000,0x00000000eaf30000,0x00000000eaf80000)
  to   space 512K, 0% used [0x00000000eaf80000,0x00000000eaf80000,0x00000000eb000000)
 ParOldGen       total 156672K, used 156217K [0x00000000c0000000, 0x00000000c9900000, 0x00000000eab00000)
  object space 156672K, 99% used [0x00000000c0000000,0x00000000c988e4c8,0x00000000c9900000)
 Metaspace       used 97991K, committed 99200K, reserved 1138688K
  class space    used 9691K, committed 10240K, reserved 1048576K

Card table byte_map: [0x000001d7438d0000,0x000001d743ae0000] _byte_map_base: 0x000001d7432d0000

Marking Bits: (ParMarkBitMap*) 0x00007ffc50c02cc0
 Begin Bits: [0x000001d755bb0000, 0x000001d756bb0000)
 End Bits:   [0x000001d756bb0000, 0x000001d757bb0000)

Polling page: 0x000001d741ca0000

Metaspace:

Usage:
  Non-class:     86.23 MB used.
      Class:      9.46 MB used.
       Both:     95.69 MB used.

Virtual space:
  Non-class space:       88.00 MB reserved,      86.88 MB ( 99%) committed,  11 nodes.
      Class space:        1.00 GB reserved,      10.00 MB ( <1%) committed,  1 nodes.
             Both:        1.09 GB reserved,      96.88 MB (  9%) committed. 

Chunk freelists:
   Non-Class:  398.00 KB
       Class:  1.87 MB
        Both:  2.26 MB

MaxMetaspaceSize: unlimited
CompressedClassSpaceSize: 1.00 GB
Initial GC threshold: 21.00 MB
Current GC threshold: 161.38 MB
CDS: off
MetaspaceReclaimPolicy: balanced
 - commit_granule_bytes: 65536.
 - commit_granule_words: 8192.
 - virtual_space_node_default_size: 1048576.
 - enlarge_chunks_in_place: 1.
 - new_chunks_are_fully_committed: 0.
 - uncommit_free_chunks: 1.
 - use_allocation_guard: 0.
 - handle_deallocations: 1.


Internal statistics:

num_allocs_failed_limit: 9.
num_arena_births: 878.
num_arena_deaths: 228.
num_vsnodes_births: 12.
num_vsnodes_deaths: 0.
num_space_committed: 1550.
num_space_uncommitted: 0.
num_chunks_returned_to_freelist: 289.
num_chunks_taken_from_freelist: 4975.
num_chunk_merges: 89.
num_chunk_splits: 3041.
num_chunks_enlarged: 1819.
num_purges: 20.
num_inconsistent_stats: 0.

CodeHeap 'non-profiled nmethods': size=119168Kb used=34471Kb max_used=35194Kb free=84696Kb
 bounds [0x000001d74e750000, 0x000001d7509c0000, 0x000001d755bb0000]
CodeHeap 'profiled nmethods': size=119104Kb used=41421Kb max_used=42125Kb free=77682Kb
 bounds [0x000001d747300000, 0x000001d749cb0000, 0x000001d74e750000]
CodeHeap 'non-nmethods': size=7488Kb used=1460Kb max_used=3349Kb free=6027Kb
 bounds [0x000001d746bb0000, 0x000001d746f30000, 0x000001d747300000]
 total_blobs=22370 nmethods=21558 adapters=720
 compilation: enabled
              stopped_count=0, restarted_count=0
 full_count=0

Compilation events (20 events):
Event: 88822.168 Thread 0x000001d7598ed420 nmethod 32342 0x000001d750484490 code [0x000001d750484660, 0x000001d750485438]
Event: 88824.083 Thread 0x000001d7598ee980 32343       3       org.eclipse.jdt.internal.core.util.KeyKind::<init> (11 bytes)
Event: 88824.084 Thread 0x000001d7598ee980 nmethod 32343 0x000001d748b72390 code [0x000001d748b72580, 0x000001d748b72a98]
Event: 88824.086 Thread 0x000001d7598ee980 32344       3       org.eclipse.jdt.internal.core.builder.ClasspathJar::findPackageSet (27 bytes)
Event: 88824.086 Thread 0x000001d7598ee980 nmethod 32344 0x000001d74847a390 code [0x000001d74847a5a0, 0x000001d74847acf8]
Event: 88824.086 Thread 0x000001d7598ee980 32345       3       org.eclipse.jdt.internal.core.builder.ClasspathJar$$Lambda$346/0x00000001006b9800::<init> (10 bytes)
Event: 88824.086 Thread 0x000001d7598ee980 nmethod 32345 0x000001d748ae7990 code [0x000001d748ae7b20, 0x000001d748ae7c98]
Event: 88824.106 Thread 0x000001d7598ed420 32346       4       org.eclipse.jdt.internal.compiler.lookup.LookupEnvironment::convertToParameterizedType (89 bytes)
Event: 88824.112 Thread 0x000001d7598ed420 nmethod 32346 0x000001d74feff910 code [0x000001d74feffae0, 0x000001d74ff000c8]
Event: 88824.404 Thread 0x000001d7598ee980 32347   !   3       org.eclipse.jdt.internal.core.search.matching.JavaSearchNameEnvironment::computeClasspathLocations (113 bytes)
Event: 88824.405 Thread 0x000001d7598ee980 nmethod 32347 0x000001d748f37c10 code [0x000001d748f37e80, 0x000001d748f38968]
Event: 88824.427 Thread 0x000001d7598ee980 32348       3       org.eclipse.jdt.internal.compiler.parser.Parser::consumeToken (2309 bytes)
Event: 88824.430 Thread 0x000001d7598ee980 nmethod 32348 0x000001d749c6f710 code [0x000001d749c70520, 0x000001d749c79d38]
Event: 88824.584 Thread 0x000001d7598ee980 32349       3       org.eclipse.jdt.core.BindingKey::toSignature (25 bytes)
Event: 88824.585 Thread 0x000001d7598ee980 nmethod 32349 0x000001d749beb390 code [0x000001d749beb560, 0x000001d749beb8e8]
Event: 88825.229 Thread 0x000001d7598ed420 32350       4       java.net.URI$Parser::scan (53 bytes)
Event: 88825.242 Thread 0x000001d7598ed420 nmethod 32350 0x000001d74fc10890 code [0x000001d74fc10a20, 0x000001d74fc12078]
Event: 88829.097 Thread 0x000001d7598ed420 32351       4       org.eclipse.jdt.internal.compiler.parser.Parser::pushIdentifier (34 bytes)
Event: 88829.100 Thread 0x000001d7598ed420 nmethod 32351 0x000001d7507b0390 code [0x000001d7507b0560, 0x000001d7507b0968]
Event: 88829.337 Thread 0x000001d7598ed420 32352       4       org.eclipse.jdt.internal.compiler.parser.Parser::consumeToken (2309 bytes)

GC Heap History (20 events):
Event: 88829.097 GC heap after
{Heap after GC invocations=17550 (full 298):
 PSYoungGen      total 4096K, used 480K [0x00000000eab00000, 0x00000000eb000000, 0x0000000100000000)
  eden space 3072K, 0% used [0x00000000eab00000,0x00000000eab00000,0x00000000eae00000)
  from space 1024K, 46% used [0x00000000eaf00000,0x00000000eaf78000,0x00000000eb000000)
  to   space 1024K, 0% used [0x00000000eae00000,0x00000000eae00000,0x00000000eaf00000)
 ParOldGen       total 156160K, used 148370K [0x00000000c0000000, 0x00000000c9880000, 0x00000000eab00000)
  object space 156160K, 95% used [0x00000000c0000000,0x00000000c90e4838,0x00000000c9880000)
 Metaspace       used 97991K, committed 99200K, reserved 1138688K
  class space    used 9691K, committed 10240K, reserved 1048576K
}
Event: 88829.103 GC heap before
{Heap before GC invocations=17551 (full 298):
 PSYoungGen      total 4096K, used 3551K [0x00000000eab00000, 0x00000000eb000000, 0x0000000100000000)
  eden space 3072K, 99% used [0x00000000eab00000,0x00000000eadfffd0,0x00000000eae00000)
  from space 1024K, 46% used [0x00000000eaf00000,0x00000000eaf78000,0x00000000eb000000)
  to   space 1024K, 0% used [0x00000000eae00000,0x00000000eae00000,0x00000000eaf00000)
 ParOldGen       total 156160K, used 148370K [0x00000000c0000000, 0x00000000c9880000, 0x00000000eab00000)
  object space 156160K, 95% used [0x00000000c0000000,0x00000000c90e4838,0x00000000c9880000)
 Metaspace       used 97991K, committed 99200K, reserved 1138688K
  class space    used 9691K, committed 10240K, reserved 1048576K
}
Event: 88829.105 GC heap after
{Heap after GC invocations=17551 (full 298):
 PSYoungGen      total 4096K, used 992K [0x00000000eab00000, 0x00000000eb400000, 0x0000000100000000)
  eden space 3072K, 0% used [0x00000000eab00000,0x00000000eab00000,0x00000000eae00000)
  from space 1024K, 96% used [0x00000000eae00000,0x00000000eaef8200,0x00000000eaf00000)
  to   space 3072K, 0% used [0x00000000eb100000,0x00000000eb100000,0x00000000eb400000)
 ParOldGen       total 156160K, used 149695K [0x00000000c0000000, 0x00000000c9880000, 0x00000000eab00000)
  object space 156160K, 95% used [0x00000000c0000000,0x00000000c922fcd8,0x00000000c9880000)
 Metaspace       used 97991K, committed 99200K, reserved 1138688K
  class space    used 9691K, committed 10240K, reserved 1048576K
}
Event: 88829.123 GC heap before
{Heap before GC invocations=17552 (full 298):
 PSYoungGen      total 4096K, used 4064K [0x00000000eab00000, 0x00000000eb400000, 0x0000000100000000)
  eden space 3072K, 100% used [0x00000000eab00000,0x00000000eae00000,0x00000000eae00000)
  from space 1024K, 96% used [0x00000000eae00000,0x00000000eaef8200,0x00000000eaf00000)
  to   space 3072K, 0% used [0x00000000eb100000,0x00000000eb100000,0x00000000eb400000)
 ParOldGen       total 156160K, used 149695K [0x00000000c0000000, 0x00000000c9880000, 0x00000000eab00000)
  object space 156160K, 95% used [0x00000000c0000000,0x00000000c922fcd8,0x00000000c9880000)
 Metaspace       used 97991K, committed 99200K, reserved 1138688K
  class space    used 9691K, committed 10240K, reserved 1048576K
}
Event: 88829.125 GC heap after
{Heap after GC invocations=17552 (full 298):
 PSYoungGen      total 5632K, used 2432K [0x00000000eab00000, 0x00000000eb380000, 0x0000000100000000)
  eden space 3072K, 0% used [0x00000000eab00000,0x00000000eab00000,0x00000000eae00000)
  from space 2560K, 95% used [0x00000000eb100000,0x00000000eb360000,0x00000000eb380000)
  to   space 2560K, 0% used [0x00000000eae80000,0x00000000eae80000,0x00000000eb100000)
 ParOldGen       total 156160K, used 150740K [0x00000000c0000000, 0x00000000c9880000, 0x00000000eab00000)
  object space 156160K, 96% used [0x00000000c0000000,0x00000000c9335358,0x00000000c9880000)
 Metaspace       used 97991K, committed 99200K, reserved 1138688K
  class space    used 9691K, committed 10240K, reserved 1048576K
}
Event: 88829.319 GC heap before
{Heap before GC invocations=17553 (full 298):
 PSYoungGen      total 5632K, used 5504K [0x00000000eab00000, 0x00000000eb380000, 0x0000000100000000)
  eden space 3072K, 100% used [0x00000000eab00000,0x00000000eae00000,0x00000000eae00000)
  from space 2560K, 95% used [0x00000000eb100000,0x00000000eb360000,0x00000000eb380000)
  to   space 2560K, 0% used [0x00000000eae80000,0x00000000eae80000,0x00000000eb100000)
 ParOldGen       total 156160K, used 150740K [0x00000000c0000000, 0x00000000c9880000, 0x00000000eab00000)
  object space 156160K, 96% used [0x00000000c0000000,0x00000000c9335358,0x00000000c9880000)
 Metaspace       used 97991K, committed 99200K, reserved 1138688K
  class space    used 9691K, committed 10240K, reserved 1048576K
}
Event: 88829.323 GC heap after
{Heap after GC invocations=17553 (full 298):
 PSYoungGen      total 3584K, used 432K [0x00000000eab00000, 0x00000000eb180000, 0x0000000100000000)
  eden space 3072K, 0% used [0x00000000eab00000,0x00000000eab00000,0x00000000eae00000)
  from space 512K, 84% used [0x00000000eae80000,0x00000000eaeec010,0x00000000eaf00000)
  to   space 1536K, 0% used [0x00000000eb000000,0x00000000eb000000,0x00000000eb180000)
 ParOldGen       total 156160K, used 152780K [0x00000000c0000000, 0x00000000c9880000, 0x00000000eab00000)
  object space 156160K, 97% used [0x00000000c0000000,0x00000000c9533358,0x00000000c9880000)
 Metaspace       used 97991K, committed 99200K, reserved 1138688K
  class space    used 9691K, committed 10240K, reserved 1048576K
}
Event: 88829.330 GC heap before
{Heap before GC invocations=17554 (full 298):
 PSYoungGen      total 3584K, used 3504K [0x00000000eab00000, 0x00000000eb180000, 0x0000000100000000)
  eden space 3072K, 100% used [0x00000000eab00000,0x00000000eae00000,0x00000000eae00000)
  from space 512K, 84% used [0x00000000eae80000,0x00000000eaeec010,0x00000000eaf00000)
  to   space 1536K, 0% used [0x00000000eb000000,0x00000000eb000000,0x00000000eb180000)
 ParOldGen       total 156160K, used 152780K [0x00000000c0000000, 0x00000000c9880000, 0x00000000eab00000)
  object space 156160K, 97% used [0x00000000c0000000,0x00000000c9533358,0x00000000c9880000)
 Metaspace       used 97991K, committed 99200K, reserved 1138688K
  class space    used 9691K, committed 10240K, reserved 1048576K
}
Event: 88829.331 GC heap after
{Heap after GC invocations=17554 (full 298):
 PSYoungGen      total 4096K, used 816K [0x00000000eab00000, 0x00000000eb100000, 0x0000000100000000)
  eden space 3072K, 0% used [0x00000000eab00000,0x00000000eab00000,0x00000000eae00000)
  from space 1024K, 79% used [0x00000000eb000000,0x00000000eb0cc010,0x00000000eb100000)
  to   space 1024K, 0% used [0x00000000eaf00000,0x00000000eaf00000,0x00000000eb000000)
 ParOldGen       total 156160K, used 153105K [0x00000000c0000000, 0x00000000c9880000, 0x00000000eab00000)
  object space 156160K, 98% used [0x00000000c0000000,0x00000000c95847f8,0x00000000c9880000)
 Metaspace       used 97991K, committed 99200K, reserved 1138688K
  class space    used 9691K, committed 10240K, reserved 1048576K
}
Event: 88829.338 GC heap before
{Heap before GC invocations=17555 (full 298):
 PSYoungGen      total 4096K, used 3888K [0x00000000eab00000, 0x00000000eb100000, 0x0000000100000000)
  eden space 3072K, 100% used [0x00000000eab00000,0x00000000eae00000,0x00000000eae00000)
  from space 1024K, 79% used [0x00000000eb000000,0x00000000eb0cc010,0x00000000eb100000)
  to   space 1024K, 0% used [0x00000000eaf00000,0x00000000eaf00000,0x00000000eb000000)
 ParOldGen       total 156160K, used 153105K [0x00000000c0000000, 0x00000000c9880000, 0x00000000eab00000)
  object space 156160K, 98% used [0x00000000c0000000,0x00000000c95847f8,0x00000000c9880000)
 Metaspace       used 97991K, committed 99200K, reserved 1138688K
  class space    used 9691K, committed 10240K, reserved 1048576K
}
Event: 88829.339 GC heap after
{Heap after GC invocations=17555 (full 298):
 PSYoungGen      total 4096K, used 992K [0x00000000eab00000, 0x00000000eb200000, 0x0000000100000000)
  eden space 3072K, 0% used [0x00000000eab00000,0x00000000eab00000,0x00000000eae00000)
  from space 1024K, 96% used [0x00000000eaf00000,0x00000000eaff8020,0x00000000eb000000)
  to   space 2048K, 0% used [0x00000000eb000000,0x00000000eb000000,0x00000000eb200000)
 ParOldGen       total 156160K, used 153919K [0x00000000c0000000, 0x00000000c9880000, 0x00000000eab00000)
  object space 156160K, 98% used [0x00000000c0000000,0x00000000c964fc98,0x00000000c9880000)
 Metaspace       used 97991K, committed 99200K, reserved 1138688K
  class space    used 9691K, committed 10240K, reserved 1048576K
}
Event: 88829.348 GC heap before
{Heap before GC invocations=17556 (full 298):
 PSYoungGen      total 4096K, used 4064K [0x00000000eab00000, 0x00000000eb200000, 0x0000000100000000)
  eden space 3072K, 100% used [0x00000000eab00000,0x00000000eae00000,0x00000000eae00000)
  from space 1024K, 96% used [0x00000000eaf00000,0x00000000eaff8020,0x00000000eb000000)
  to   space 2048K, 0% used [0x00000000eb000000,0x00000000eb000000,0x00000000eb200000)
 ParOldGen       total 156160K, used 153919K [0x00000000c0000000, 0x00000000c9880000, 0x00000000eab00000)
  object space 156160K, 98% used [0x00000000c0000000,0x00000000c964fc98,0x00000000c9880000)
 Metaspace       used 97991K, committed 99200K, reserved 1138688K
  class space    used 9691K, committed 10240K, reserved 1048576K
}
Event: 88829.349 GC heap after
{Heap after GC invocations=17556 (full 298):
 PSYoungGen      total 4096K, used 704K [0x00000000eab00000, 0x00000000eb100000, 0x0000000100000000)
  eden space 3072K, 0% used [0x00000000eab00000,0x00000000eab00000,0x00000000eae00000)
  from space 1024K, 68% used [0x00000000eb000000,0x00000000eb0b0000,0x00000000eb100000)
  to   space 1536K, 0% used [0x00000000eae00000,0x00000000eae00000,0x00000000eaf80000)
 ParOldGen       total 156160K, used 154946K [0x00000000c0000000, 0x00000000c9880000, 0x00000000eab00000)
  object space 156160K, 99% used [0x00000000c0000000,0x00000000c9750b98,0x00000000c9880000)
 Metaspace       used 97991K, committed 99200K, reserved 1138688K
  class space    used 9691K, committed 10240K, reserved 1048576K
}
Event: 88829.357 GC heap before
{Heap before GC invocations=17557 (full 298):
 PSYoungGen      total 4096K, used 3776K [0x00000000eab00000, 0x00000000eb100000, 0x0000000100000000)
  eden space 3072K, 100% used [0x00000000eab00000,0x00000000eae00000,0x00000000eae00000)
  from space 1024K, 68% used [0x00000000eb000000,0x00000000eb0b0000,0x00000000eb100000)
  to   space 1536K, 0% used [0x00000000eae00000,0x00000000eae00000,0x00000000eaf80000)
 ParOldGen       total 156160K, used 154946K [0x00000000c0000000, 0x00000000c9880000, 0x00000000eab00000)
  object space 156160K, 99% used [0x00000000c0000000,0x00000000c9750b98,0x00000000c9880000)
 Metaspace       used 97991K, committed 99200K, reserved 1138688K
  class space    used 9691K, committed 10240K, reserved 1048576K
}
Event: 88829.358 GC heap after
{Heap after GC invocations=17557 (full 298):
 PSYoungGen      total 4608K, used 464K [0x00000000eab00000, 0x00000000eb080000, 0x0000000100000000)
  eden space 3072K, 0% used [0x00000000eab00000,0x00000000eab00000,0x00000000eae00000)
  from space 1536K, 30% used [0x00000000eae00000,0x00000000eae74010,0x00000000eaf80000)
  to   space 1024K, 0% used [0x00000000eaf80000,0x00000000eaf80000,0x00000000eb080000)
 ParOldGen       total 156160K, used 155440K [0x00000000c0000000, 0x00000000c9880000, 0x00000000eab00000)
  object space 156160K, 99% used [0x00000000c0000000,0x00000000c97cc038,0x00000000c9880000)
 Metaspace       used 97991K, committed 99200K, reserved 1138688K
  class space    used 9691K, committed 10240K, reserved 1048576K
}
Event: 88829.366 GC heap before
{Heap before GC invocations=17558 (full 298):
 PSYoungGen      total 4608K, used 3536K [0x00000000eab00000, 0x00000000eb080000, 0x0000000100000000)
  eden space 3072K, 100% used [0x00000000eab00000,0x00000000eae00000,0x00000000eae00000)
  from space 1536K, 30% used [0x00000000eae00000,0x00000000eae74010,0x00000000eaf80000)
  to   space 1024K, 0% used [0x00000000eaf80000,0x00000000eaf80000,0x00000000eb080000)
 ParOldGen       total 156160K, used 155440K [0x00000000c0000000, 0x00000000c9880000, 0x00000000eab00000)
  object space 156160K, 99% used [0x00000000c0000000,0x00000000c97cc038,0x00000000c9880000)
 Metaspace       used 97991K, committed 99200K, reserved 1138688K
  class space    used 9691K, committed 10240K, reserved 1048576K
}
Event: 88829.367 GC heap after
{Heap after GC invocations=17558 (full 298):
 PSYoungGen      total 4096K, used 640K [0x00000000eab00000, 0x00000000eb080000, 0x0000000100000000)
  eden space 3072K, 0% used [0x00000000eab00000,0x00000000eab00000,0x00000000eae00000)
  from space 1024K, 62% used [0x00000000eaf80000,0x00000000eb020000,0x00000000eb080000)
  to   space 1024K, 0% used [0x00000000eae80000,0x00000000eae80000,0x00000000eaf80000)
 ParOldGen       total 156160K, used 155725K [0x00000000c0000000, 0x00000000c9880000, 0x00000000eab00000)
  object space 156160K, 99% used [0x00000000c0000000,0x00000000c98134d8,0x00000000c9880000)
 Metaspace       used 97991K, committed 99200K, reserved 1138688K
  class space    used 9691K, committed 10240K, reserved 1048576K
}
Event: 88829.376 GC heap before
{Heap before GC invocations=17559 (full 298):
 PSYoungGen      total 4096K, used 3712K [0x00000000eab00000, 0x00000000eb080000, 0x0000000100000000)
  eden space 3072K, 100% used [0x00000000eab00000,0x00000000eae00000,0x00000000eae00000)
  from space 1024K, 62% used [0x00000000eaf80000,0x00000000eb020000,0x00000000eb080000)
  to   space 1024K, 0% used [0x00000000eae80000,0x00000000eae80000,0x00000000eaf80000)
 ParOldGen       total 156160K, used 155725K [0x00000000c0000000, 0x00000000c9880000, 0x00000000eab00000)
  object space 156160K, 99% used [0x00000000c0000000,0x00000000c98134d8,0x00000000c9880000)
 Metaspace       used 97991K, committed 99200K, reserved 1138688K
  class space    used 9691K, committed 10240K, reserved 1048576K
}
Event: 88829.377 GC heap after
{Heap after GC invocations=17559 (full 298):
 PSYoungGen      total 4096K, used 704K [0x00000000eab00000, 0x00000000eb000000, 0x0000000100000000)
  eden space 3072K, 0% used [0x00000000eab00000,0x00000000eab00000,0x00000000eae00000)
  from space 1024K, 68% used [0x00000000eae80000,0x00000000eaf30000,0x00000000eaf80000)
  to   space 512K, 0% used [0x00000000eaf80000,0x00000000eaf80000,0x00000000eb000000)
 ParOldGen       total 156672K, used 156217K [0x00000000c0000000, 0x00000000c9900000, 0x00000000eab00000)
  object space 156672K, 99% used [0x00000000c0000000,0x00000000c988e4c8,0x00000000c9900000)
 Metaspace       used 97991K, committed 99200K, reserved 1138688K
  class space    used 9691K, committed 10240K, reserved 1048576K
}
Event: 88829.377 GC heap before
{Heap before GC invocations=17560 (full 299):
 PSYoungGen      total 4096K, used 704K [0x00000000eab00000, 0x00000000eb000000, 0x0000000100000000)
  eden space 3072K, 0% used [0x00000000eab00000,0x00000000eab00000,0x00000000eae00000)
  from space 1024K, 68% used [0x00000000eae80000,0x00000000eaf30000,0x00000000eaf80000)
  to   space 512K, 0% used [0x00000000eaf80000,0x00000000eaf80000,0x00000000eb000000)
 ParOldGen       total 156672K, used 156217K [0x00000000c0000000, 0x00000000c9900000, 0x00000000eab00000)
  object space 156672K, 99% used [0x00000000c0000000,0x00000000c988e4c8,0x00000000c9900000)
 Metaspace       used 97991K, committed 99200K, reserved 1138688K
  class space    used 9691K, committed 10240K, reserved 1048576K
}

Deoptimization events (20 events):
Event: 88744.281 Thread 0x000001d760bbeaa0 Uncommon trap: trap_request=0xffffff45 fr.pc=0x000001d74f040c80 relative=0x0000000000000260
Event: 88744.281 Thread 0x000001d760bbeaa0 Uncommon trap: reason=unstable_if action=reinterpret pc=0x000001d74f040c80 method=java.util.regex.Matcher.search(I)Z @ 85 c2
Event: 88744.281 Thread 0x000001d760bbeaa0 DEOPT PACKING pc=0x000001d74f040c80 sp=0x000000c7aebfe940
Event: 88744.281 Thread 0x000001d760bbeaa0 DEOPT UNPACKING pc=0x000001d746c020a3 sp=0x000000c7aebfe858 mode 2
Event: 88748.368 Thread 0x000001d760bbeaa0 Uncommon trap: trap_request=0xffffff45 fr.pc=0x000001d74ef6f024 relative=0x0000000000000204
Event: 88748.368 Thread 0x000001d760bbeaa0 Uncommon trap: reason=unstable_if action=reinterpret pc=0x000001d74ef6f024 method=java.util.regex.Matcher.search(I)Z @ 85 c2
Event: 88748.368 Thread 0x000001d760bbeaa0 DEOPT PACKING pc=0x000001d74ef6f024 sp=0x000000c7aebfe900
Event: 88748.368 Thread 0x000001d760bbeaa0 DEOPT UNPACKING pc=0x000001d746c020a3 sp=0x000000c7aebfe888 mode 2
Event: 88824.423 Thread 0x000001d760bbeaa0 Uncommon trap: trap_request=0x0000004c fr.pc=0x000001d74ec88074 relative=0x00000000000029b4
Event: 88824.423 Thread 0x000001d760bbeaa0 Uncommon trap: reason=unloaded action=reinterpret pc=0x000001d74ec88074 method=org.eclipse.jdt.internal.compiler.ast.IntLiteral.buildIntLiteral([CII)Lorg/eclipse/jdt/internal/compiler/ast/IntLiteral; @ 46 c2
Event: 88824.423 Thread 0x000001d760bbeaa0 DEOPT PACKING pc=0x000001d74ec88074 sp=0x000000c7aebfeca0
Event: 88824.423 Thread 0x000001d760bbeaa0 DEOPT UNPACKING pc=0x000001d746c020a3 sp=0x000000c7aebfebe8 mode 2
Event: 88824.870 Thread 0x000001d760bbeaa0 Uncommon trap: trap_request=0xffffffde fr.pc=0x000001d74ff1be6c relative=0x0000000000000bac
Event: 88824.870 Thread 0x000001d760bbeaa0 Uncommon trap: reason=class_check action=maybe_recompile pc=0x000001d74ff1be6c method=org.eclipse.jdt.core.dom.DefaultBindingResolver.getVariableBinding(Lorg/eclipse/jdt/internal/compiler/lookup/VariableBinding;Lorg/eclipse/jdt/core/dom/VariableDeclaratio
Event: 88824.870 Thread 0x000001d760bbeaa0 DEOPT PACKING pc=0x000001d74ff1be6c sp=0x000000c7aebfe790
Event: 88824.870 Thread 0x000001d760bbeaa0 DEOPT UNPACKING pc=0x000001d746c020a3 sp=0x000000c7aebfe748 mode 2
Event: 88824.871 Thread 0x000001d760bbeaa0 Uncommon trap: trap_request=0xffffffde fr.pc=0x000001d7505b0f50 relative=0x00000000000006b0
Event: 88824.871 Thread 0x000001d760bbeaa0 Uncommon trap: reason=class_check action=maybe_recompile pc=0x000001d7505b0f50 method=org.eclipse.jdt.internal.core.manipulation.search.OccurrencesFinder.getBindingDeclaration(Lorg/eclipse/jdt/core/dom/IBinding;)Lorg/eclipse/jdt/core/dom/IBinding; @ 53 c2
Event: 88824.871 Thread 0x000001d760bbeaa0 DEOPT PACKING pc=0x000001d7505b0f50 sp=0x000000c7aebfe860
Event: 88824.871 Thread 0x000001d760bbeaa0 DEOPT UNPACKING pc=0x000001d746c020a3 sp=0x000000c7aebfe810 mode 2

Classes unloaded (20 events):
Event: 33319.307 Thread 0x000001d757c4b240 Unloading class 0x0000000100278800 'jdk/internal/reflect/GeneratedSerializationConstructorAccessor2'
Event: 33319.307 Thread 0x000001d757c4b240 Unloading class 0x0000000100278400 'jdk/internal/reflect/GeneratedSerializationConstructorAccessor1'
Event: 35132.892 Thread 0x000001d757c4b240 Unloading class 0x0000000100756400 'jdk/internal/reflect/GeneratedConstructorAccessor93'
Event: 37415.087 Thread 0x000001d757c4b240 Unloading class 0x0000000100a09000 'jdk/internal/reflect/GeneratedConstructorAccessor97'
Event: 39270.360 Thread 0x000001d757c4b240 Unloading class 0x0000000100a09000 'jdk/internal/reflect/GeneratedConstructorAccessor98'
Event: 58081.870 Thread 0x000001d757c4b240 Unloading class 0x0000000100a24400 'jdk/internal/reflect/GeneratedMethodAccessor51'
Event: 58081.870 Thread 0x000001d757c4b240 Unloading class 0x0000000100a24000 'jdk/internal/reflect/GeneratedConstructorAccessor105'
Event: 58081.871 Thread 0x000001d757c4b240 Unloading class 0x0000000100a09000 'jdk/internal/reflect/GeneratedConstructorAccessor102'
Event: 58081.871 Thread 0x000001d757c4b240 Unloading class 0x0000000100a18800 'jdk/internal/reflect/GeneratedConstructorAccessor101'
Event: 58081.871 Thread 0x000001d757c4b240 Unloading class 0x0000000100a18400 'jdk/internal/reflect/GeneratedConstructorAccessor100'
Event: 58081.871 Thread 0x000001d757c4b240 Unloading class 0x0000000100a18000 'jdk/internal/reflect/GeneratedConstructorAccessor99'
Event: 58081.871 Thread 0x000001d757c4b240 Unloading class 0x0000000100a08000 'jdk/internal/reflect/GeneratedMethodAccessor47'
Event: 58081.871 Thread 0x000001d757c4b240 Unloading class 0x0000000100278400 'jdk/internal/reflect/GeneratedSerializationConstructorAccessor6'
Event: 58081.871 Thread 0x000001d757c4b240 Unloading class 0x00000001006b8000 'jdk/internal/reflect/GeneratedSerializationConstructorAccessor5'
Event: 58081.872 Thread 0x000001d757c4b240 Unloading class 0x0000000100990000 'jdk/internal/reflect/GeneratedSerializationConstructorAccessor4'
Event: 58081.872 Thread 0x000001d757c4b240 Unloading class 0x0000000100731800 'jdk/internal/reflect/GeneratedConstructorAccessor94'
Event: 58081.872 Thread 0x000001d757c4b240 Unloading class 0x0000000100804800 'jdk/internal/reflect/GeneratedConstructorAccessor92'
Event: 58081.872 Thread 0x000001d757c4b240 Unloading class 0x00000001009d5800 'jdk/internal/reflect/GeneratedConstructorAccessor91'
Event: 58081.872 Thread 0x000001d757c4b240 Unloading class 0x00000001009f4800 'jdk/internal/reflect/GeneratedConstructorAccessor87'
Event: 58081.872 Thread 0x000001d757c4b240 Unloading class 0x00000001009b4000 'jdk/internal/reflect/GeneratedConstructorAccessor69'

Classes redefined (0 events):
No events

Internal exceptions (20 events):
Event: 88809.933 Thread 0x000001d760bbeaa0 Exception <a 'java/lang/ClassNotFoundException'{0x00000000eabbaee8}: sun/net/www/protocol/jdt/Handler> (0x00000000eabbaee8) 
thrown [s\src\hotspot\share\classfile\systemDictionary.cpp, line 256]
Event: 88809.933 Thread 0x000001d760bbeaa0 Exception <a 'java/lang/ClassNotFoundException'{0x00000000eabcd8d8}: sun/net/www/protocol/jdt/Handler> (0x00000000eabcd8d8) 
thrown [s\src\hotspot\share\classfile\systemDictionary.cpp, line 256]
Event: 88809.933 Thread 0x000001d760bbeaa0 Exception <a 'java/lang/ClassNotFoundException'{0x00000000eabd0078}: sun/net/www/protocol/jdt/Handler> (0x00000000eabd0078) 
thrown [s\src\hotspot\share\classfile\systemDictionary.cpp, line 256]
Event: 88811.516 Thread 0x000001d760bbeaa0 Exception <a 'java/lang/ClassNotFoundException'{0x00000000eabbdf90}: sun/net/www/protocol/jdt/Handler> (0x00000000eabbdf90) 
thrown [s\src\hotspot\share\classfile\systemDictionary.cpp, line 256]
Event: 88811.516 Thread 0x000001d760bbeaa0 Exception <a 'java/lang/ClassNotFoundException'{0x00000000eabc0708}: sun/net/www/protocol/jdt/Handler> (0x00000000eabc0708) 
thrown [s\src\hotspot\share\classfile\systemDictionary.cpp, line 256]
Event: 88811.516 Thread 0x000001d760bbeaa0 Exception <a 'java/lang/ClassNotFoundException'{0x00000000eabc2ea0}: sun/net/www/protocol/jdt/Handler> (0x00000000eabc2ea0) 
thrown [s\src\hotspot\share\classfile\systemDictionary.cpp, line 256]
Event: 88811.516 Thread 0x000001d760bbeaa0 Exception <a 'java/lang/ClassNotFoundException'{0x00000000eabc5640}: sun/net/www/protocol/jdt/Handler> (0x00000000eabc5640) 
thrown [s\src\hotspot\share\classfile\systemDictionary.cpp, line 256]
Event: 88824.130 Thread 0x000001d760bbeaa0 Exception <a 'java/lang/ClassNotFoundException'{0x00000000eabbae38}: sun/net/www/protocol/jdt/Handler> (0x00000000eabbae38) 
thrown [s\src\hotspot\share\classfile\systemDictionary.cpp, line 256]
Event: 88824.130 Thread 0x000001d760bbeaa0 Exception <a 'java/lang/ClassNotFoundException'{0x00000000eabbd5b0}: sun/net/www/protocol/jdt/Handler> (0x00000000eabbd5b0) 
thrown [s\src\hotspot\share\classfile\systemDictionary.cpp, line 256]
Event: 88824.130 Thread 0x000001d760bbeaa0 Exception <a 'java/lang/ClassNotFoundException'{0x00000000eabbfd48}: sun/net/www/protocol/jdt/Handler> (0x00000000eabbfd48) 
thrown [s\src\hotspot\share\classfile\systemDictionary.cpp, line 256]
Event: 88824.130 Thread 0x000001d760bbeaa0 Exception <a 'java/lang/ClassNotFoundException'{0x00000000eabc24e8}: sun/net/www/protocol/jdt/Handler> (0x00000000eabc24e8) 
thrown [s\src\hotspot\share\classfile\systemDictionary.cpp, line 256]
Event: 88824.586 Thread 0x000001d760bbeaa0 Exception <a 'java/lang/ClassNotFoundException'{0x00000000eadb6ad8}: sun/net/www/protocol/jdt/Handler> (0x00000000eadb6ad8) 
thrown [s\src\hotspot\share\classfile\systemDictionary.cpp, line 256]
Event: 88824.586 Thread 0x000001d760bbeaa0 Exception <a 'java/lang/ClassNotFoundException'{0x00000000eadb90e0}: sun/net/www/protocol/jdt/Handler> (0x00000000eadb90e0) 
thrown [s\src\hotspot\share\classfile\systemDictionary.cpp, line 256]
Event: 88824.586 Thread 0x000001d760bbeaa0 Exception <a 'java/lang/ClassNotFoundException'{0x00000000eadbb520}: sun/net/www/protocol/jdt/Handler> (0x00000000eadbb520) 
thrown [s\src\hotspot\share\classfile\systemDictionary.cpp, line 256]
Event: 88825.492 Thread 0x000001d760bbb5b0 Exception <a 'java/lang/ClassNotFoundException'{0x00000000eab44a18}: sun/net/www/protocol/jdt/Handler> (0x00000000eab44a18) 
thrown [s\src\hotspot\share\classfile\systemDictionary.cpp, line 256]
Event: 88825.492 Thread 0x000001d760bbb5b0 Exception <a 'java/lang/ClassNotFoundException'{0x00000000eab47020}: sun/net/www/protocol/jdt/Handler> (0x00000000eab47020) 
thrown [s\src\hotspot\share\classfile\systemDictionary.cpp, line 256]
Event: 88825.492 Thread 0x000001d760bbb5b0 Exception <a 'java/lang/ClassNotFoundException'{0x00000000eab49460}: sun/net/www/protocol/jdt/Handler> (0x00000000eab49460) 
thrown [s\src\hotspot\share\classfile\systemDictionary.cpp, line 256]
Event: 88827.672 Thread 0x000001d760bbb5b0 Exception <a 'java/lang/ClassNotFoundException'{0x00000000eabefde0}: sun/net/www/protocol/jdt/Handler> (0x00000000eabefde0) 
thrown [s\src\hotspot\share\classfile\systemDictionary.cpp, line 256]
Event: 88827.672 Thread 0x000001d760bbb5b0 Exception <a 'java/lang/ClassNotFoundException'{0x00000000eabf23e8}: sun/net/www/protocol/jdt/Handler> (0x00000000eabf23e8) 
thrown [s\src\hotspot\share\classfile\systemDictionary.cpp, line 256]
Event: 88827.672 Thread 0x000001d760bbb5b0 Exception <a 'java/lang/ClassNotFoundException'{0x00000000eabf4828}: sun/net/www/protocol/jdt/Handler> (0x00000000eabf4828) 
thrown [s\src\hotspot\share\classfile\systemDictionary.cpp, line 256]

VM Operations (20 events):
Event: 88828.605 Executing VM operation: ParallelGCFailedAllocation done
Event: 88829.096 Executing VM operation: ParallelGCFailedAllocation
Event: 88829.097 Executing VM operation: ParallelGCFailedAllocation done
Event: 88829.103 Executing VM operation: ParallelGCFailedAllocation
Event: 88829.105 Executing VM operation: ParallelGCFailedAllocation done
Event: 88829.123 Executing VM operation: ParallelGCFailedAllocation
Event: 88829.125 Executing VM operation: ParallelGCFailedAllocation done
Event: 88829.319 Executing VM operation: ParallelGCFailedAllocation
Event: 88829.323 Executing VM operation: ParallelGCFailedAllocation done
Event: 88829.329 Executing VM operation: ParallelGCFailedAllocation
Event: 88829.331 Executing VM operation: ParallelGCFailedAllocation done
Event: 88829.338 Executing VM operation: ParallelGCFailedAllocation
Event: 88829.340 Executing VM operation: ParallelGCFailedAllocation done
Event: 88829.348 Executing VM operation: ParallelGCFailedAllocation
Event: 88829.349 Executing VM operation: ParallelGCFailedAllocation done
Event: 88829.357 Executing VM operation: ParallelGCFailedAllocation
Event: 88829.358 Executing VM operation: ParallelGCFailedAllocation done
Event: 88829.366 Executing VM operation: ParallelGCFailedAllocation
Event: 88829.368 Executing VM operation: ParallelGCFailedAllocation done
Event: 88829.376 Executing VM operation: ParallelGCFailedAllocation

Events (20 events):
Event: 88741.881 Thread 0x000001d7598f0200 flushing nmethod 0x000001d748e88910
Event: 88741.882 Thread 0x000001d7598f0200 flushing nmethod 0x000001d748fcc090
Event: 88741.882 Thread 0x000001d7598f0200 flushing nmethod 0x000001d749094d10
Event: 88741.882 Thread 0x000001d7598f0200 flushing nmethod 0x000001d74914d210
Event: 88741.883 Thread 0x000001d7598f0200 flushing nmethod 0x000001d7491b9b10
Event: 88741.883 Thread 0x000001d7598f0200 flushing nmethod 0x000001d7491cce90
Event: 88741.883 Thread 0x000001d7598f0200 flushing nmethod 0x000001d7492a2810
Event: 88741.884 Thread 0x000001d7598f0200 flushing nmethod 0x000001d7494e6610
Event: 88741.885 Thread 0x000001d7598f0200 flushing nmethod 0x000001d74964a410
Event: 88741.885 Thread 0x000001d7598f0200 flushing nmethod 0x000001d74972a490
Event: 88741.885 Thread 0x000001d7598f0200 flushing nmethod 0x000001d74972b110
Event: 88741.885 Thread 0x000001d7598f0200 flushing nmethod 0x000001d74972d910
Event: 88741.885 Thread 0x000001d7598f0200 flushing nmethod 0x000001d74983ed90
Event: 88741.887 Thread 0x000001d7598f0200 flushing nmethod 0x000001d749b2bd90
Event: 88741.887 Thread 0x000001d7598f0200 flushing nmethod 0x000001d749b88890
Event: 88741.887 Thread 0x000001d7598f0200 flushing nmethod 0x000001d749beb390
Event: 88741.887 Thread 0x000001d7598f0200 flushing nmethod 0x000001d749beef10
Event: 88770.566 Thread 0x000001d760bbe5d0 Thread added: 0x000001d760bbe5d0
Event: 88770.575 Thread 0x000001d760bbe5d0 Thread exited: 0x000001d760bbe5d0
Event: 88801.655 Thread 0x000001d760bbba80 Thread exited: 0x000001d760bbba80


Dynamic libraries:
0x00007ff6d75f0000 - 0x00007ff6d75fe000 	c:\Users\trutr\.vscode\extensions\redhat.java-1.12.0-win32-x64\jre\17.0.4.1-win32-x86_64\bin\java.exe
0x00007ffcaa710000 - 0x00007ffcaa908000 	C:\WINDOWS\SYSTEM32\ntdll.dll
0x00007ffca88f0000 - 0x00007ffca89ad000 	C:\WINDOWS\System32\KERNEL32.DLL
0x00007ffca81f0000 - 0x00007ffca84c2000 	C:\WINDOWS\System32\KERNELBASE.dll
0x00007ffca7e50000 - 0x00007ffca7f50000 	C:\WINDOWS\System32\ucrtbase.dll
0x00007ffc7c1a0000 - 0x00007ffc7c1b9000 	c:\Users\trutr\.vscode\extensions\redhat.java-1.12.0-win32-x64\jre\17.0.4.1-win32-x86_64\bin\VCRUNTIME140.dll
0x00007ffc7c160000 - 0x00007ffc7c178000 	c:\Users\trutr\.vscode\extensions\redhat.java-1.12.0-win32-x64\jre\17.0.4.1-win32-x86_64\bin\jli.dll
0x00007ffcaa1e0000 - 0x00007ffcaa37d000 	C:\WINDOWS\System32\USER32.dll
0x00007ffc90220000 - 0x00007ffc904ba000 	C:\WINDOWS\WinSxS\amd64_microsoft.windows.common-controls_6595b64144ccf1df_6.0.19041.1110_none_60b5254171f9507e\COMCTL32.dll
0x00007ffca8060000 - 0x00007ffca8082000 	C:\WINDOWS\System32\win32u.dll
0x00007ffca9890000 - 0x00007ffca992e000 	C:\WINDOWS\System32\msvcrt.dll
0x00007ffca8e00000 - 0x00007ffca8e2b000 	C:\WINDOWS\System32\GDI32.dll
0x00007ffca7f50000 - 0x00007ffca805f000 	C:\WINDOWS\System32\gdi32full.dll
0x00007ffca8560000 - 0x00007ffca85fd000 	C:\WINDOWS\System32\msvcp_win.dll
0x00007ffcaa080000 - 0x00007ffcaa0b0000 	C:\WINDOWS\System32\IMM32.DLL
0x00007ffc830a0000 - 0x00007ffc830ac000 	c:\Users\trutr\.vscode\extensions\redhat.java-1.12.0-win32-x64\jre\17.0.4.1-win32-x86_64\bin\vcruntime140_1.dll
0x00007ffc73240000 - 0x00007ffc732d1000 	c:\Users\trutr\.vscode\extensions\redhat.java-1.12.0-win32-x64\jre\17.0.4.1-win32-x86_64\bin\msvcp140.dll
0x00007ffc50080000 - 0x00007ffc50cc6000 	c:\Users\trutr\.vscode\extensions\redhat.java-1.12.0-win32-x64\jre\17.0.4.1-win32-x86_64\bin\server\jvm.dll
0x00007ffca8770000 - 0x00007ffca881e000 	C:\WINDOWS\System32\ADVAPI32.dll
0x00007ffca9500000 - 0x00007ffca959c000 	C:\WINDOWS\System32\sechost.dll
0x00007ffcaa0b0000 - 0x00007ffcaa1d5000 	C:\WINDOWS\System32\RPCRT4.dll
0x00007ffcaa380000 - 0x00007ffcaa388000 	C:\WINDOWS\System32\PSAPI.DLL
0x00007ffc80570000 - 0x00007ffc80579000 	C:\WINDOWS\SYSTEM32\WSOCK32.dll
0x00007ffc9d310000 - 0x00007ffc9d337000 	C:\WINDOWS\SYSTEM32\WINMM.dll
0x00007ffca9490000 - 0x00007ffca94fb000 	C:\WINDOWS\System32\WS2_32.dll
0x00007ffca07d0000 - 0x00007ffca07da000 	C:\WINDOWS\SYSTEM32\VERSION.dll
0x00007ffca5ce0000 - 0x00007ffca5cf2000 	C:\WINDOWS\SYSTEM32\kernel.appcore.dll
0x00007ffc7d390000 - 0x00007ffc7d39a000 	c:\Users\trutr\.vscode\extensions\redhat.java-1.12.0-win32-x64\jre\17.0.4.1-win32-x86_64\bin\jimage.dll
0x00007ffc9f6a0000 - 0x00007ffc9f884000 	C:\WINDOWS\SYSTEM32\DBGHELP.DLL
0x00007ffc97ef0000 - 0x00007ffc97f1c000 	C:\WINDOWS\SYSTEM32\dbgcore.DLL
0x00007ffca84d0000 - 0x00007ffca8552000 	C:\WINDOWS\System32\bcryptPrimitives.dll
0x00007ffc7c150000 - 0x00007ffc7c15e000 	c:\Users\trutr\.vscode\extensions\redhat.java-1.12.0-win32-x64\jre\17.0.4.1-win32-x86_64\bin\instrument.dll
0x00007ffc7b690000 - 0x00007ffc7b6b5000 	c:\Users\trutr\.vscode\extensions\redhat.java-1.12.0-win32-x64\jre\17.0.4.1-win32-x86_64\bin\java.dll
0x00007ffc7a940000 - 0x00007ffc7a958000 	c:\Users\trutr\.vscode\extensions\redhat.java-1.12.0-win32-x64\jre\17.0.4.1-win32-x86_64\bin\zip.dll
0x00007ffca9930000 - 0x00007ffcaa073000 	C:\WINDOWS\System32\SHELL32.dll
0x00007ffca5ee0000 - 0x00007ffca6671000 	C:\WINDOWS\SYSTEM32\windows.storage.dll
0x00007ffca8aa0000 - 0x00007ffca8df4000 	C:\WINDOWS\System32\combase.dll
0x00007ffca77a0000 - 0x00007ffca77d0000 	C:\WINDOWS\SYSTEM32\Wldp.dll
0x00007ffca9300000 - 0x00007ffca93ad000 	C:\WINDOWS\System32\SHCORE.dll
0x00007ffcaa3a0000 - 0x00007ffcaa3f5000 	C:\WINDOWS\System32\shlwapi.dll
0x00007ffca7d60000 - 0x00007ffca7d7f000 	C:\WINDOWS\SYSTEM32\profapi.dll
0x00007ffc79a20000 - 0x00007ffc79a39000 	C:\Users\trutr\.vscode\extensions\redhat.java-1.12.0-win32-x64\jre\17.0.4.1-win32-x86_64\bin\net.dll
0x00007ffc9a1d0000 - 0x00007ffc9a2dd000 	C:\WINDOWS\SYSTEM32\WINHTTP.dll
0x00007ffca7500000 - 0x00007ffca756a000 	C:\WINDOWS\system32\mswsock.dll
0x00007ffc7a920000 - 0x00007ffc7a935000 	C:\Users\trutr\.vscode\extensions\redhat.java-1.12.0-win32-x64\jre\17.0.4.1-win32-x86_64\bin\nio.dll
0x00007ffc7b670000 - 0x00007ffc7b680000 	c:\Users\trutr\.vscode\extensions\redhat.java-1.12.0-win32-x64\jre\17.0.4.1-win32-x86_64\bin\verify.dll
0x00007ffc798f0000 - 0x00007ffc7992e000 	C:\Users\trutr\AppData\Roaming\Code\User\globalStorage\redhat.java\1.12.0\config_win\org.eclipse.equinox.launcher\org.eclipse.equinox.launcher.win32.win32.x86_64_1.2.600.v20220720-1916\eclipse_11700.dll
0x00007ffca95a0000 - 0x00007ffca96ca000 	C:\WINDOWS\System32\ole32.dll
0x00007ffca76f0000 - 0x00007ffca7708000 	C:\WINDOWS\SYSTEM32\CRYPTSP.dll
0x00007ffca6e20000 - 0x00007ffca6e54000 	C:\WINDOWS\system32\rsaenh.dll
0x00007ffca7e20000 - 0x00007ffca7e47000 	C:\WINDOWS\System32\bcrypt.dll
0x00007ffca7ce0000 - 0x00007ffca7d0e000 	C:\WINDOWS\SYSTEM32\USERENV.dll
0x00007ffca7710000 - 0x00007ffca771c000 	C:\WINDOWS\SYSTEM32\CRYPTBASE.dll
0x00007ffca71f0000 - 0x00007ffca722b000 	C:\WINDOWS\SYSTEM32\IPHLPAPI.DLL
0x00007ffcaa390000 - 0x00007ffcaa398000 	C:\WINDOWS\System32\NSI.dll
0x00007ffc9f580000 - 0x00007ffc9f597000 	C:\WINDOWS\SYSTEM32\dhcpcsvc6.DLL
0x00007ffc9f5c0000 - 0x00007ffc9f5dd000 	C:\WINDOWS\SYSTEM32\dhcpcsvc.DLL
0x00007ffca7230000 - 0x00007ffca72fa000 	C:\WINDOWS\SYSTEM32\DNSAPI.dll
0x00007ffc791a0000 - 0x00007ffc791e0000 	C:\Users\trutr\AppData\Local\Temp\jna--439940306\jna18142768689660058474.dll
0x00007ffc931e0000 - 0x00007ffc931ee000 	C:\Users\trutr\.vscode\extensions\redhat.java-1.12.0-win32-x64\jre\17.0.4.1-win32-x86_64\bin\sunmscapi.dll
0x00007ffca8090000 - 0x00007ffca81e6000 	C:\WINDOWS\System32\CRYPT32.dll
0x00007ffca7810000 - 0x00007ffca7837000 	C:\WINDOWS\SYSTEM32\ncrypt.dll
0x00007ffca77d0000 - 0x00007ffca780b000 	C:\WINDOWS\SYSTEM32\NTASN1.dll
0x00007ffca08d0000 - 0x00007ffca08da000 	C:\Windows\System32\rasadhlp.dll
0x00007ffc9a150000 - 0x00007ffc9a1d0000 	C:\WINDOWS\System32\fwpuclnt.dll
0x00007ffc9fcd0000 - 0x00007ffc9fcd7000 	C:\WINDOWS\system32\wshunix.dll

dbghelp: loaded successfully - version: 4.0.5 - missing functions: none
symbol engine: initialized successfully - sym options: 0x614 - pdb path: .;c:\Users\trutr\.vscode\extensions\redhat.java-1.12.0-win32-x64\jre\17.0.4.1-win32-x86_64\bin;C:\WINDOWS\SYSTEM32;C:\WINDOWS\WinSxS\amd64_microsoft.windows.common-controls_6595b64144ccf1df_6.0.19041.1110_none_60b5254171f9507e;c:\Users\trutr\.vscode\extensions\redhat.java-1.12.0-win32-x64\jre\17.0.4.1-win32-x86_64\bin\server;C:\Users\trutr\AppData\Roaming\Code\User\globalStorage\redhat.java\1.12.0\config_win\org.eclipse.equinox.launcher\org.eclipse.equinox.launcher.win32.win32.x86_64_1.2.600.v20220720-1916;C:\Users\trutr\AppData\Local\Temp\jna--439940306

VM Arguments:
jvm_args: --add-modules=ALL-SYSTEM --add-opens=java.base/java.util=ALL-UNNAMED --add-opens=java.base/java.lang=ALL-UNNAMED --add-opens=java.base/sun.nio.fs=ALL-UNNAMED -Declipse.application=org.eclipse.jdt.ls.core.id1 -Dosgi.bundles.defaultStartLevel=4 -Declipse.product=org.eclipse.jdt.ls.core.product -Djava.import.generatesMetadataFilesAtProjectRoot=false -Dfile.encoding=utf8 -XX:+UseParallelGC -XX:GCTimeRatio=4 -XX:AdaptiveSizePolicyWeight=90 -Dsun.zip.disableMemoryMapping=true -Xmx1G -Xms100m -Xlog:disable -javaagent:c:\Users\trutr\.vscode\extensions\redhat.java-1.12.0-win32-x64\lombok\lombok-1.18.24.jar -XX:+HeapDumpOnOutOfMemoryError -XX:HeapDumpPath=c:\Users\trutr\AppData\Roaming\Code\User\workspaceStorage\726bf51068977749caa4a039f84914d7\redhat.java 
java_command: c:\Users\trutr\.vscode\extensions\redhat.java-1.12.0-win32-x64\server\plugins\org.eclipse.equinox.launcher_1.6.400.v20210924-0641.jar -configuration c:\Users\trutr\AppData\Roaming\Code\User\globalStorage\redhat.java\1.12.0\config_win -data c:\Users\trutr\AppData\Roaming\Code\User\workspaceStorage\726bf51068977749caa4a039f84914d7\redhat.java\jdt_ws
java_class_path (initial): c:\Users\trutr\.vscode\extensions\redhat.java-1.12.0-win32-x64\server\plugins\org.eclipse.equinox.launcher_1.6.400.v20210924-0641.jar
Launcher Type: SUN_STANDARD

[Global flags]
    uintx AdaptiveSizePolicyWeight                 = 90                                        {product} {command line}
     intx CICompilerCount                          = 12                                        {product} {ergonomic}
    uintx GCTimeRatio                              = 4                                         {product} {command line}
     bool HeapDumpOnOutOfMemoryError               = true                                   {manageable} {command line}
    ccstr HeapDumpPath                             = c:\Users\trutr\AppData\Roaming\Code\User\workspaceStorage\726bf51068977749caa4a039f84914d7\redhat.java         {manageable} {command line}
   size_t InitialHeapSize                          = 104857600                                 {product} {command line}
   size_t MaxHeapSize                              = 1073741824                                {product} {command line}
   size_t MaxNewSize                               = 357564416                                 {product} {ergonomic}
   size_t MinHeapDeltaBytes                        = 524288                                    {product} {ergonomic}
   size_t MinHeapSize                              = 104857600                                 {product} {command line}
   size_t NewSize                                  = 34603008                                  {product} {ergonomic}
    uintx NonNMethodCodeHeapSize                   = 7602480                                {pd product} {ergonomic}
    uintx NonProfiledCodeHeapSize                  = 122027880                              {pd product} {ergonomic}
   size_t OldSize                                  = 70254592                                  {product} {ergonomic}
    uintx ProfiledCodeHeapSize                     = 122027880                              {pd product} {ergonomic}
    uintx ReservedCodeCacheSize                    = 251658240                              {pd product} {ergonomic}
     bool SegmentedCodeCache                       = true                                      {product} {ergonomic}
   size_t SoftMaxHeapSize                          = 1073741824                             {manageable} {ergonomic}
     bool UseCompressedClassPointers               = true                           {product lp64_product} {ergonomic}
     bool UseCompressedOops                        = true                           {product lp64_product} {ergonomic}
     bool UseLargePagesIndividualAllocation        = false                                  {pd product} {ergonomic}
     bool UseParallelGC                            = true                                      {product} {command line}

Logging:
Log output configuration:
 #0: stdout all=off uptime,level,tags
 #1: stderr all=off uptime,level,tags

Environment Variables:
JAVA_HOME=C:\Users\trutr\AppData\Local\Programs\Eclipse Adoptium\jdk-17.0.4.101-hotspot\
PATH=C:\Users\trutr\bin;C:\Program Files\Git\mingw64\bin;C:\Program Files\Git\usr\local\bin;C:\Program Files\Git\usr\bin;C:\Program Files\Git\usr\bin;C:\Program Files\Git\mingw64\bin;C:\Program Files\Git\usr\bin;C:\Users\trutr\bin;C:\Python310\Scripts;C:\Python310;C:\WINDOWS\system32;C:\WINDOWS;C:\WINDOWS\System32\Wbem;C:\WINDOWS\System32\WindowsPowerShell\v1.0;C:\WINDOWS\System32\OpenSSH;C:\Program Files\nodejs;C:\ProgramData\chocolatey\bin;C:\Program Files\Git\cmd;C:\Program Files\Pandoc;C:\Users\trutr\AppData\Local\Programs\Eclipse Adoptium\jdk-17.0.4.101-hotspot\bin;C:\Users\trutr\AppData\Local\Microsoft\WindowsApps;C:\Users\trutr\AppData\Local\Programs\Microsoft VS Code\bin;C:\Users\trutr\AppData\Roaming\npm;C:\Users\trutr\AppData\Local\GitHubDesktop\bin;C:\Users\trutr\AppData\Local\Programs\MiKTeX\miktex\bin\x64;C:\Program Files\Git\usr\bin\vendor_perl;C:\Program Files\Git\usr\bin\core_perl
USERNAME=tarikdev
SHELL=C:\Program Files\Git\usr\bin\bash.exe
DISPLAY=needs-to-be-defined
LANG=es_ES.UTF-8
TERM=xterm-256color
TMPDIR=C:\Users\trutr\AppData\Local\Temp
OS=Windows_NT
PROCESSOR_IDENTIFIER=AMD64 Family 23 Model 104 Stepping 1, AuthenticAMD
TMP=C:\Users\trutr\AppData\Local\Temp
TEMP=C:\Users\trutr\AppData\Local\Temp



---------------  S Y S T E M  ---------------

OS:
 Windows 10 , 64 bit Build 19041 (10.0.19041.1889)
OS uptime: 1 days 21:35 hours

CPU: total 16 (initial active 16) (16 cores per cpu, 2 threads per core) family 23 model 104 stepping 1 microcode 0x0, cx8, cmov, fxsr, ht, mmx, 3dnowpref, sse, sse2, sse3, ssse3, sse4a, sse4.1, sse4.2, popcnt, lzcnt, tsc, tscinvbit, avx, avx2, aes, clmul, bmi1, bmi2, adx, sha, fma, vzeroupper, clflush, clflushopt

Memory: 4k page, system-wide physical 10101M (1796M free)
TotalPageFile size 19829M (AvailPageFile size 4312M)
current process WorkingSet (physical memory assigned to process): 461M, peak: 658M
current process commit charge ("private bytes"): 543M, peak: 707M

vm_info: OpenJDK 64-Bit Server VM (17.0.4.1+1) for windows-amd64 JRE (17.0.4.1+1), built on Aug 17 2022 07:42:43 by "temurin" with MS VC++ 16.7 (VS2019)

END.
